<?xml version="1.0" encoding="UTF-8"?>
<testsuites>
  <testsuite name="Stamp" tests="1" assertions="1" failures="0" errors="0" time="0.779381">
    <testsuite name="Tests\StampTest" file="/home/git/stamp/tests/StampTest.php" tests="1" assertions="1" failures="0" errors="0" time="0.779381">
      <testcase name="testShouldMakeStamp" class="Tests\StampTest" file="/home/git/stamp/tests/StampTest.php" line="45" assertions="1" time="0.779381"/>
    </testsuite>
  </testsuite>
</testsuites>
